<?xml version="1.0" encoding="UTF-8"?>
<!-- Generated by org.testng.reporters.JUnitReportReporter -->
<testsuite skipped="0" hostname="LAPTOP-BURRDDF4" name="mainjava.loginTest" tests="1" failures="0" timestamp="2023-02-10T10:02:30 IST" time="0.007" errors="0">
  <testcase name="f" time="0.007" classname="mainjava.loginTest"/>
  <system-out/>
</testsuite> <!-- mainjava.loginTest -->
